<?xml version="1.0" encoding="UTF-8"?>
<testng-results ignored="0" total="1" passed="1" failed="0" skipped="0">
  <reporter-output>
  </reporter-output>
  <suite started-at="2023-10-04T09:32:41Z" name="Surefire suite" finished-at="2023-10-04T09:32:48Z" duration-ms="6754">
    <groups>
    </groups>
    <test started-at="2023-10-04T09:32:41Z" name="Surefire test" finished-at="2023-10-04T09:32:48Z" duration-ms="6754">
      <class name="JenkinsAssign.SampleTestCases.AppTest">
        <test-method signature="launchBrowser()[pri:0, instance:JenkinsAssign.SampleTestCases.AppTest@6dc17b83]" started-at="2023-10-04T09:32:41Z" name="launchBrowser" finished-at="2023-10-04T09:32:48Z" duration-ms="6733" status="PASS">
          <reporter-output>
          </reporter-output>
        </test-method> <!-- launchBrowser -->
      </class> <!-- JenkinsAssign.SampleTestCases.AppTest -->
    </test> <!-- Surefire test -->
  </suite> <!-- Surefire suite -->
</testng-results>
