<?xml version="1.0" encoding="UTF-8"?>
<testng-results ignored="0" total="1" passed="1" failed="0" skipped="0">
  <reporter-output>
  </reporter-output>
  <suite started-at="2023-10-03T10:32:24Z" name="Default suite" finished-at="2023-10-03T10:32:33Z" duration-ms="8291">
    <groups>
    </groups>
    <test started-at="2023-10-03T10:32:24Z" name="Default test" finished-at="2023-10-03T10:32:33Z" duration-ms="8291">
      <class name="JenkinsAssign.SampleTestCases.AppTest">
        <test-method signature="launchBrowser()[pri:0, instance:JenkinsAssign.SampleTestCases.AppTest@20435c40]" started-at="2023-10-03T10:32:24Z" name="launchBrowser" finished-at="2023-10-03T10:32:33Z" duration-ms="8263" status="PASS">
          <reporter-output>
          </reporter-output>
        </test-method> <!-- launchBrowser -->
      </class> <!-- JenkinsAssign.SampleTestCases.AppTest -->
    </test> <!-- Default test -->
  </suite> <!-- Default suite -->
</testng-results>
